#
# There is insufficient memory for the Java Runtime Environment to continue.
# Native memory allocation (mmap) failed to map 268435456 bytes for G1 virtual space
# Possible reasons:
#   The system is out of physical RAM or swap space
#   The process is running with CompressedOops enabled, and the Java Heap may be blocking the growth of the native heap
# Possible solutions:
#   Reduce memory load on the system
#   Increase physical memory or swap space
#   Check if swap backing store is full
#   Decrease Java heap size (-Xmx/-Xms)
#   Decrease number of Java threads
#   Decrease Java thread stack sizes (-Xss)
#   Set larger code cache with -XX:ReservedCodeCacheSize=
#   JVM is running with Zero Based Compressed Oops mode in which the Java heap is
#     placed in the first 32GB address space. The Java Heap base address is the
#     maximum limit for the native heap growth. Please use -XX:HeapBaseMinAddress
#     to set the Java Heap base and to place the Java Heap above 32GB virtual address.
# This output file may be truncated or incomplete.
#
#  Out of Memory Error (os_windows.cpp:3530), pid=26428, tid=24832
#
# JRE version:  (18.0.1.1+2) (build )
# Java VM: OpenJDK 64-Bit Server VM (18.0.1.1+2-6, mixed mode, sharing, tiered, compressed oops, compressed class ptrs, g1 gc, windows-amd64)
# No core dump will be written. Minidumps are not enabled by default on client versions of Windows
#

---------------  S U M M A R Y ------------

Command Line: -Dmaven.multiModuleProjectDirectory=D:\git base\train\mq-redis-practice -Dmaven.home=D:\apache-maven\apache-maven-3.8.4-bin\apache-maven-3.8.4 -Dclassworlds.conf=D:\apache-maven\apache-maven-3.8.4-bin\apache-maven-3.8.4\bin\m2.conf -Dmaven.ext.class.path=D:\IntelliJ IDEA 2020.3.2\plugins\maven\lib\maven-event-listener.jar -Dfile.encoding=UTF-8 org.codehaus.classworlds.Launcher -Didea.version=2020.3.2 install

Host: Intel(R) Core(TM) i7-9750H CPU @ 2.60GHz, 12 cores, 15G,  Windows 11 , 64 bit Build 22000 (10.0.22000.2003)
Time: Wed Jul 12 15:38:12 2023  Windows 11 , 64 bit Build 22000 (10.0.22000.2003) elapsed time: 0.025278 seconds (0d 0h 0m 0s)

---------------  T H R E A D  ---------------

Current thread (0x000002cb2a077080):  JavaThread "Unknown thread" [_thread_in_vm, id=24832, stack(0x000000fc73b00000,0x000000fc73c00000)]

Stack: [0x000000fc73b00000,0x000000fc73c00000]
Native frames: (J=compiled Java code, j=interpreted, Vv=VM code, C=native code)
V  [jvm.dll+0x69887a]
V  [jvm.dll+0x7f38bd]
V  [jvm.dll+0x7f51ce]
V  [jvm.dll+0x7f5883]
V  [jvm.dll+0x25ca3f]
V  [jvm.dll+0x6957c9]
V  [jvm.dll+0x68a2fa]
V  [jvm.dll+0x321efb]
V  [jvm.dll+0x3298d6]
V  [jvm.dll+0x37e47e]
V  [jvm.dll+0x37e6af]
V  [jvm.dll+0x2f9c7a]
V  [jvm.dll+0x2facdd]
V  [jvm.dll+0x7c24f0]
V  [jvm.dll+0x38b801]
V  [jvm.dll+0x7a1203]
V  [jvm.dll+0x40d6bf]
V  [jvm.dll+0x40f091]
C  [jli.dll+0x526b]
C  [ucrtbase.dll+0x26c0c]
C  [KERNEL32.DLL+0x155a0]
C  [ntdll.dll+0x485b]


---------------  P R O C E S S  ---------------

Threads class SMR info:
_java_thread_list=0x00007ffaa4f9d550, length=0, elements={
}

Java Threads: ( => current thread )

Other Threads:
  0x000002cb2a0e9ae0 WorkerThread "GC Thread#0" [stack: 0x000000fc73c00000,0x000000fc73d00000] [id=36092]
  0x000002cb2a0faa30 ConcurrentGCThread "G1 Main Marker" [stack: 0x000000fc73d00000,0x000000fc73e00000] [id=28416]
  0x000002cb2a0fcbd0 WorkerThread "G1 Conc#0" [stack: 0x000000fc73e00000,0x000000fc73f00000] [id=33092]

[error occurred during error reporting (printing all threads), id 0xc0000005, EXCEPTION_ACCESS_VIOLATION (0xc0000005) at pc=0x00007ffaa47ca217]

VM state: not at safepoint (not fully initialized)

VM Mutex/Monitor currently owned by a thread:  ([mutex/lock_event])
[0x000002cb2a072190] Heap_lock - owner thread: 0x000002cb2a077080

Heap address: 0x0000000701400000, size: 4076 MB, Compressed Oops mode: Zero based, Oop shift amount: 3

CDS archive(s) mapped at: [0x0000000000000000-0x0000000000000000-0x0000000000000000), size 0, SharedBaseAddress: 0x0000000800000000, ArchiveRelocationMode: 0.
Narrow klass base: 0x0000000000000000, Narrow klass shift: 0, Narrow klass range: 0x0

GC Precious Log:
 CardTable entry size: 512
 Card Set container configuration: InlinePtr #cards 4 size 8 Array Of Cards #cards 16 size 48 Howl #buckets 8 coarsen threshold 3686 Howl Bitmap #cards 512 size 80 coarsen threshold 460 Card regions per heap region 1 cards per card region 4096

Heap:
 garbage-first heap   total 0K, used 0K [0x0000000701400000, 0x0000000800000000)
  region size 2048K, 0 young (0K), 0 survivors (0K)

[error occurred during error reporting (printing heap information), id 0xc0000005, EXCEPTION_ACCESS_VIOLATION (0xc0000005) at pc=0x00007ffaa4bb0cb9]

GC Heap History (0 events):
No events

Deoptimization events (0 events):
No events

Classes loaded (0 events):
No events

Classes unloaded (0 events):
No events

Classes redefined (0 events):
No events

Internal exceptions (0 events):
No events

VM Operations (0 events):
No events

Events (1 events):
Event: 0.015 Loaded shared library C:\Users\Muradil\.jdks\openjdk-18.0.1.1\bin\java.dll


Dynamic libraries:
0x00007ff7a5240000 - 0x00007ff7a524e000 	C:\Users\Muradil\.jdks\openjdk-18.0.1.1\bin\java.exe
0x00007ffb6b800000 - 0x00007ffb6ba09000 	C:\WINDOWS\SYSTEM32\ntdll.dll
0x00007ffb6a120000 - 0x00007ffb6a1de000 	C:\WINDOWS\System32\KERNEL32.DLL
0x00007ffb68ef0000 - 0x00007ffb69274000 	C:\WINDOWS\System32\KERNELBASE.dll
0x00007ffb69280000 - 0x00007ffb69391000 	C:\WINDOWS\System32\ucrtbase.dll
0x00007ffb58490000 - 0x00007ffb584a7000 	C:\Users\Muradil\.jdks\openjdk-18.0.1.1\bin\jli.dll
0x00007ffae1490000 - 0x00007ffae14aa000 	C:\Users\Muradil\.jdks\openjdk-18.0.1.1\bin\VCRUNTIME140.dll
0x00007ffb69800000 - 0x00007ffb699ad000 	C:\WINDOWS\System32\USER32.dll
0x00007ffb69510000 - 0x00007ffb69536000 	C:\WINDOWS\System32\win32u.dll
0x00007ffb6ae60000 - 0x00007ffb6ae8a000 	C:\WINDOWS\System32\GDI32.dll
0x00007ffb69540000 - 0x00007ffb6965f000 	C:\WINDOWS\System32\gdi32full.dll
0x00007ffb4fb40000 - 0x00007ffb4fde5000 	C:\WINDOWS\WinSxS\amd64_microsoft.windows.common-controls_6595b64144ccf1df_6.0.22000.120_none_9d947278b86cc467\COMCTL32.dll
0x00007ffb68d20000 - 0x00007ffb68dbd000 	C:\WINDOWS\System32\msvcp_win.dll
0x00007ffb69c90000 - 0x00007ffb69d33000 	C:\WINDOWS\System32\msvcrt.dll
0x00007ffb69c50000 - 0x00007ffb69c81000 	C:\WINDOWS\System32\IMM32.DLL
0x00007ffb58480000 - 0x00007ffb5848c000 	C:\Users\Muradil\.jdks\openjdk-18.0.1.1\bin\vcruntime140_1.dll
0x00007ffaa7340000 - 0x00007ffaa73cd000 	C:\Users\Muradil\.jdks\openjdk-18.0.1.1\bin\msvcp140.dll
0x00007ffaa44c0000 - 0x00007ffaa50d0000 	C:\Users\Muradil\.jdks\openjdk-18.0.1.1\bin\server\jvm.dll
0x00007ffb6a6d0000 - 0x00007ffb6a77f000 	C:\WINDOWS\System32\ADVAPI32.dll
0x00007ffb696c0000 - 0x00007ffb6975e000 	C:\WINDOWS\System32\sechost.dll
0x00007ffb6a780000 - 0x00007ffb6a8a1000 	C:\WINDOWS\System32\RPCRT4.dll
0x00007ffb6ae50000 - 0x00007ffb6ae58000 	C:\WINDOWS\System32\PSAPI.DLL
0x00007ffb4a2a0000 - 0x00007ffb4a2a9000 	C:\WINDOWS\SYSTEM32\WSOCK32.dll
0x00007ffb62f80000 - 0x00007ffb62fb3000 	C:\WINDOWS\SYSTEM32\WINMM.dll
0x00007ffb62f50000 - 0x00007ffb62f5a000 	C:\WINDOWS\SYSTEM32\VERSION.dll
0x00007ffb6a1e0000 - 0x00007ffb6a24f000 	C:\WINDOWS\System32\WS2_32.dll
0x00007ffb67e00000 - 0x00007ffb67e18000 	C:\WINDOWS\SYSTEM32\kernel.appcore.dll
0x00007ffb16af0000 - 0x00007ffb16afa000 	C:\Users\Muradil\.jdks\openjdk-18.0.1.1\bin\jimage.dll
0x00007ffb668f0000 - 0x00007ffb66b11000 	C:\WINDOWS\SYSTEM32\DBGHELP.DLL
0x00007ffb4dbf0000 - 0x00007ffb4dc21000 	C:\WINDOWS\SYSTEM32\dbgcore.DLL
0x00007ffb68ca0000 - 0x00007ffb68d1f000 	C:\WINDOWS\System32\bcryptPrimitives.dll
0x00007ffaa7310000 - 0x00007ffaa7335000 	C:\Users\Muradil\.jdks\openjdk-18.0.1.1\bin\java.dll

dbghelp: loaded successfully - version: 4.0.5 - missing functions: none
symbol engine: initialized successfully - sym options: 0x614 - pdb path: .;C:\Users\Muradil\.jdks\openjdk-18.0.1.1\bin;C:\WINDOWS\SYSTEM32;C:\WINDOWS\WinSxS\amd64_microsoft.windows.common-controls_6595b64144ccf1df_6.0.22000.120_none_9d947278b86cc467;C:\Users\Muradil\.jdks\openjdk-18.0.1.1\bin\server

VM Arguments:
jvm_args: -Dmaven.multiModuleProjectDirectory=D:\git base\train\mq-redis-practice -Dmaven.home=D:\apache-maven\apache-maven-3.8.4-bin\apache-maven-3.8.4 -Dclassworlds.conf=D:\apache-maven\apache-maven-3.8.4-bin\apache-maven-3.8.4\bin\m2.conf -Dmaven.ext.class.path=D:\IntelliJ IDEA 2020.3.2\plugins\maven\lib\maven-event-listener.jar -Dfile.encoding=UTF-8 
java_command: org.codehaus.classworlds.Launcher -Didea.version=2020.3.2 install
java_class_path (initial): D:\apache-maven\apache-maven-3.8.4-bin\apache-maven-3.8.4\boot\plexus-classworlds-2.6.0.jar;D:\apache-maven\apache-maven-3.8.4-bin\apache-maven-3.8.4\boot\plexus-classworlds.license
Launcher Type: SUN_STANDARD

[Global flags]
     intx CICompilerCount                          = 4                                         {product} {ergonomic}
     uint ConcGCThreads                            = 3                                         {product} {ergonomic}
     uint G1ConcRefinementThreads                  = 10                                        {product} {ergonomic}
   size_t G1HeapRegionSize                         = 2097152                                   {product} {ergonomic}
    uintx GCDrainStackTargetSize                   = 64                                        {product} {ergonomic}
   size_t InitialHeapSize                          = 268435456                                 {product} {ergonomic}
   size_t MarkStackSize                            = 4194304                                   {product} {ergonomic}
   size_t MaxHeapSize                              = 4273995776                                {product} {ergonomic}
   size_t MinHeapDeltaBytes                        = 2097152                                   {product} {ergonomic}
   size_t MinHeapSize                              = 8388608                                   {product} {ergonomic}
    uintx NonNMethodCodeHeapSize                   = 5839372                                {pd product} {ergonomic}
    uintx NonProfiledCodeHeapSize                  = 122909434                              {pd product} {ergonomic}
    uintx ProfiledCodeHeapSize                     = 122909434                              {pd product} {ergonomic}
    uintx ReservedCodeCacheSize                    = 251658240                              {pd product} {ergonomic}
     bool SegmentedCodeCache                       = true                                      {product} {ergonomic}
   size_t SoftMaxHeapSize                          = 4273995776                             {manageable} {ergonomic}
     bool UseCompressedClassPointers               = true                           {product lp64_product} {ergonomic}
     bool UseCompressedOops                        = true                           {product lp64_product} {ergonomic}
     bool UseG1GC                                  = true                                      {product} {ergonomic}
     bool UseLargePagesIndividualAllocation        = false                                  {pd product} {ergonomic}

Logging:
Log output configuration:
 #0: stdout all=warning uptime,level,tags foldmultilines=false
 #1: stderr all=off uptime,level,tags foldmultilines=false

Environment Variables:
JAVA_HOME=D:\JDK
CLASSPATH=%CLASSPATH%;D:\CourseAndHomework\SoftwareTest\Lab-3\junit.jar
PATH=C:\Program Files\Microsoft MPI\Bin\;C:\ProgramData\Oracle\Java\javapath;C:\Windows\system32;C:\Windows;C:\Windows\System32\Wbem;C:\Windows\System32\WindowsPowerShell\v1.0\;C:\Windows\System32\OpenSSH\;C:\Program Files (x86)\NVIDIA Corporation\PhysX\Common;C:\Program Files\NVIDIA Corporation\NVIDIA NvDLISR;C:\WINDOWS\system32;C:\WINDOWS;C:\WINDOWS\System32\Wbem;C:\WINDOWS\System32\WindowsPowerShell\v1.0\;C:\WINDOWS\System32\OpenSSH\;C:\Program Files\Java\jdk1.8.0_102\\bin;C:\Program Files\Java\jdk1.8.0_102\\jre\bin;C:\Users\Muradil\AppData\Roaming\Microsoft\Windows\Start Menu\Programs\Python 3.9;D:\Dev-Cpp\MinGW64\bin;D:\Git\cmd;D:\apache-maven\apache-maven-3.8.4-bin\apache-maven-3.8.4\bin;D:\CourseAndHomework\SoftwareTest\Lab-4\major\bin;C:\WINDOWS\system32;C:\WINDOWS;C:\WINDOWS\System32\Wbem;C:\WINDOWS\System32\WindowsPowerShell\v1.0\;C:\WINDOWS\System32\OpenSSH\;D:\XShell\;D:\Xftp\;D:\JDK;\bin;D:\NodeJs\;D:\Matlab\runtime\win64;D:\Matlab\MatlabRUntime\R2022b\runtime\win64;D:\Matlab\bin;D:\Matlab\polyspace\bin;D:\cmake\bin;D:\Program Files (x86)\MySQL\MySQL Shell 8.0\bin\;C:\Users\Muradil\AppData\Local\Programs\Python\Python39\Scripts\;C:\Users\Muradil\AppData\Local\Programs\Python\Python39\;C:\Users\Muradil\AppData\Local\Microsoft\WindowsApps;C:\Users\Muradil\AppData\Local\Programs\Microsoft VS Code\bin;C:\Program Files\Bandizip\;D:\Microsoft VS Code\bin;D:\PyCharm Community Edition 2021.2\bin;;D:\apache-maven\apache-maven-3.8.4-bin\apache-maven-3.8.4\bin;C:\Program Files (x86)\Tencent\QQGameTempest\Hall.57711\;D:\CourseAndHomework\SoftwareTest\Lab-4\major\bin;D:\JDK\bin;D:\Neo4j\neo4j-community-5.3.0\bin;C:\Users\Muradil\AppData\Roaming\npm
USERNAME=Muradil
OS=Windows_NT
PROCESSOR_IDENTIFIER=Intel64 Family 6 Model 158 Stepping 10, GenuineIntel



---------------  S Y S T E M  ---------------

OS:
 Windows 11 , 64 bit Build 22000 (10.0.22000.2003)
OS uptime: 1 days 18:20 hours

CPU: total 12 (initial active 12) (6 cores per cpu, 2 threads per core) family 6 model 158 stepping 10 microcode 0xde, cx8, cmov, fxsr, ht, mmx, 3dnowpref, sse, sse2, sse3, ssse3, sse4.1, sse4.2, popcnt, lzcnt, tsc, tscinvbit, avx, avx2, aes, erms, clmul, bmi1, bmi2, adx, fma, vzeroupper, clflush, clflushopt

Memory: 4k page, system-wide physical 16303M (2007M free)
TotalPageFile size 22576M (AvailPageFile size 249M)
current process WorkingSet (physical memory assigned to process): 11M, peak: 11M
current process commit charge ("private bytes"): 64M, peak: 320M

vm_info: OpenJDK 64-Bit Server VM (18.0.1.1+2-6) for windows-amd64 JRE (18.0.1.1+2-6), built on Apr 25 2022 21:50:56 by "mach5one" with MS VC++ 16.8 / 16.9 (VS2019)

END.
